2019-10-18 15:44:10 INFO  [springAppName_IS_UNDEFINED,,,] main org.springframework.context.support.PostProcessorRegistrationDelegate$BeanPostProcessorChecker Bean 'org.springframework.cloud.autoconfigure.ConfigurationPropertiesRebinderAutoConfiguration' of type [org.springframework.cloud.autoconfigure.ConfigurationPropertiesRebinderAutoConfiguration$$EnhancerBySpringCGLIB$$a71466a2] is not eligible for getting processed by all BeanPostProcessors (for example: not eligible for auto-proxying)
2019-10-18 15:44:11 INFO  [DASH-Server-System,,,] main com.sprint.dash.server.system.DashServerSystemApplication No active profile set, falling back to default profiles: default
2019-10-18 15:44:14 INFO  [DASH-Server-System,,,] main org.springframework.cloud.context.scope.GenericScope BeanFactory id=4183f3dc-b12b-3d06-a285-67742ac91fba
2019-10-18 15:44:15 INFO  [DASH-Server-System,,,] main org.springframework.context.support.PostProcessorRegistrationDelegate$BeanPostProcessorChecker Bean 'org.springframework.transaction.annotation.ProxyTransactionManagementConfiguration' of type [org.springframework.transaction.annotation.ProxyTransactionManagementConfiguration$$EnhancerBySpringCGLIB$$8afa63a5] is not eligible for getting processed by all BeanPostProcessors (for example: not eligible for auto-proxying)
2019-10-18 15:44:15 INFO  [DASH-Server-System,,,] main org.springframework.context.support.PostProcessorRegistrationDelegate$BeanPostProcessorChecker Bean 'spring.datasource.dynamic-com.baomidou.dynamic.datasource.spring.boot.autoconfigure.DynamicDataSourceProperties' of type [com.baomidou.dynamic.datasource.spring.boot.autoconfigure.DynamicDataSourceProperties] is not eligible for getting processed by all BeanPostProcessors (for example: not eligible for auto-proxying)
2019-10-18 15:44:15 INFO  [DASH-Server-System,,,] main org.springframework.context.support.PostProcessorRegistrationDelegate$BeanPostProcessorChecker Bean 'com.baomidou.dynamic.datasource.spring.boot.autoconfigure.DynamicDataSourceAutoConfiguration' of type [com.baomidou.dynamic.datasource.spring.boot.autoconfigure.DynamicDataSourceAutoConfiguration$$EnhancerBySpringCGLIB$$f488d476] is not eligible for getting processed by all BeanPostProcessors (for example: not eligible for auto-proxying)
2019-10-18 15:44:15 INFO  [DASH-Server-System,,,] main org.springframework.context.support.PostProcessorRegistrationDelegate$BeanPostProcessorChecker Bean 'dsProcessor' of type [com.baomidou.dynamic.datasource.processor.DsHeaderProcessor] is not eligible for getting processed by all BeanPostProcessors (for example: not eligible for auto-proxying)
2019-10-18 15:44:15 INFO  [DASH-Server-System,,,] main org.springframework.context.support.PostProcessorRegistrationDelegate$BeanPostProcessorChecker Bean 'dynamicDatasourceAnnotationAdvisor' of type [com.baomidou.dynamic.datasource.aop.DynamicDataSourceAnnotationAdvisor] is not eligible for getting processed by all BeanPostProcessors (for example: not eligible for auto-proxying)
2019-10-18 15:44:15 INFO  [DASH-Server-System,,,] main org.springframework.context.support.PostProcessorRegistrationDelegate$BeanPostProcessorChecker Bean 'org.springframework.cloud.autoconfigure.ConfigurationPropertiesRebinderAutoConfiguration' of type [org.springframework.cloud.autoconfigure.ConfigurationPropertiesRebinderAutoConfiguration$$EnhancerBySpringCGLIB$$a71466a2] is not eligible for getting processed by all BeanPostProcessors (for example: not eligible for auto-proxying)
2019-10-18 15:44:16 INFO  [DASH-Server-System,,,] main org.springframework.boot.web.embedded.tomcat.TomcatWebServer Tomcat initialized with port(s): 8201 (http)
2019-10-18 15:44:16 INFO  [DASH-Server-System,,,] main org.apache.coyote.http11.Http11NioProtocol Initializing ProtocolHandler ["http-nio-8201"]
2019-10-18 15:44:16 INFO  [DASH-Server-System,,,] main org.apache.catalina.core.StandardService Starting service [Tomcat]
2019-10-18 15:44:16 INFO  [DASH-Server-System,,,] main org.apache.catalina.core.StandardEngine Starting Servlet engine: [Apache Tomcat/9.0.21]
2019-10-18 15:44:17 INFO  [DASH-Server-System,,,] main org.apache.catalina.core.ContainerBase.[Tomcat].[localhost].[/] Initializing Spring embedded WebApplicationContext
2019-10-18 15:44:17 INFO  [DASH-Server-System,,,] main org.springframework.web.context.ContextLoader Root WebApplicationContext: initialization completed in 5837 ms
2019-10-18 15:44:17 INFO  [DASH-Server-System,,,] main com.netflix.config.sources.URLConfigurationSource To enable URLs as dynamic configuration sources, define System property archaius.configurationSource.additionalUrls or make config.properties available on classpath.
2019-10-18 15:44:17 INFO  [DASH-Server-System,,,] main com.netflix.config.DynamicPropertyFactory DynamicPropertyFactory is initialized with configuration sources: com.netflix.config.ConcurrentCompositeConfiguration@13390a96
2019-10-18 15:44:19 INFO  [DASH-Server-System,,,] main com.zaxxer.hikari.HikariDataSource base - Starting...
2019-10-18 15:44:19 INFO  [DASH-Server-System,,,] main com.zaxxer.hikari.HikariDataSource base - Start completed.
2019-10-18 15:44:19 INFO  [DASH-Server-System,,,] main com.baomidou.dynamic.datasource.DynamicRoutingDataSource 初始共加载 1 个数据源
2019-10-18 15:44:19 INFO  [DASH-Server-System,,,] main com.baomidou.dynamic.datasource.DynamicRoutingDataSource 动态数据源-加载 base 成功
2019-10-18 15:44:19 INFO  [DASH-Server-System,,,] main com.baomidou.dynamic.datasource.DynamicRoutingDataSource 当前的默认数据源是单数据源，数据源名为 base
2019-10-18 15:44:24 INFO  [DASH-Server-System,,,] main org.springframework.boot.actuate.endpoint.web.EndpointLinksResolver Exposing 2 endpoint(s) beneath base path '/actuator'
2019-10-18 15:44:25 INFO  [DASH-Server-System,,,] main springfox.documentation.spring.web.PropertySourcedRequestMappingHandlerMapping Mapped URL path [/v2/api-docs] onto method [public org.springframework.http.ResponseEntity<springfox.documentation.spring.web.json.Json> springfox.documentation.swagger2.web.Swagger2Controller.getDocumentation(java.lang.String,javax.servlet.http.HttpServletRequest)]
2019-10-18 15:44:25 INFO  [DASH-Server-System,,,] main com.netflix.config.sources.URLConfigurationSource To enable URLs as dynamic configuration sources, define System property archaius.configurationSource.additionalUrls or make config.properties available on classpath.
2019-10-18 15:44:26 INFO  [DASH-Server-System,,,] main org.springframework.scheduling.concurrent.ThreadPoolTaskExecutor Initializing ExecutorService 'applicationTaskExecutor'
2019-10-18 15:44:28 INFO  [DASH-Server-System,,,] main org.springframework.scheduling.concurrent.ThreadPoolTaskScheduler Initializing ExecutorService
2019-10-18 15:44:31 INFO  [DASH-Server-System,,,] main org.springframework.cloud.netflix.eureka.InstanceInfoFactory Setting initial instance status as: STARTING
2019-10-18 15:44:31 INFO  [DASH-Server-System,,,] main com.netflix.discovery.DiscoveryClient Initializing Eureka in region us-east-1
2019-10-18 15:44:31 INFO  [DASH-Server-System,,,] main com.netflix.discovery.provider.DiscoveryJerseyProvider Using JSON encoding codec LegacyJacksonJson
2019-10-18 15:44:31 INFO  [DASH-Server-System,,,] main com.netflix.discovery.provider.DiscoveryJerseyProvider Using JSON decoding codec LegacyJacksonJson
2019-10-18 15:44:31 INFO  [DASH-Server-System,,,] main com.netflix.discovery.provider.DiscoveryJerseyProvider Using XML encoding codec XStreamXml
2019-10-18 15:44:31 INFO  [DASH-Server-System,,,] main com.netflix.discovery.provider.DiscoveryJerseyProvider Using XML decoding codec XStreamXml
2019-10-18 15:44:32 INFO  [DASH-Server-System,,,] main com.netflix.discovery.shared.resolver.aws.ConfigClusterResolver Resolving eureka endpoints via configuration
2019-10-18 15:44:33 INFO  [DASH-Server-System,,,] main com.netflix.discovery.DiscoveryClient Disable delta property : false
2019-10-18 15:44:33 INFO  [DASH-Server-System,,,] main com.netflix.discovery.DiscoveryClient Single vip registry refresh property : null
2019-10-18 15:44:33 INFO  [DASH-Server-System,,,] main com.netflix.discovery.DiscoveryClient Force full registry fetch : false
2019-10-18 15:44:33 INFO  [DASH-Server-System,,,] main com.netflix.discovery.DiscoveryClient Application is null : false
2019-10-18 15:44:33 INFO  [DASH-Server-System,,,] main com.netflix.discovery.DiscoveryClient Registered Applications size is zero : true
2019-10-18 15:44:33 INFO  [DASH-Server-System,,,] main com.netflix.discovery.DiscoveryClient Application version is -1: true
2019-10-18 15:44:33 INFO  [DASH-Server-System,,,] main com.netflix.discovery.DiscoveryClient Getting all instance registry info from the eureka server
2019-10-18 15:44:33 INFO  [DASH-Server-System,,,] main com.netflix.discovery.DiscoveryClient The response status is 200
2019-10-18 15:44:33 INFO  [DASH-Server-System,,,] main com.netflix.discovery.DiscoveryClient Starting heartbeat executor: renew interval is: 20
2019-10-18 15:44:33 INFO  [DASH-Server-System,,,] main com.netflix.discovery.InstanceInfoReplicator InstanceInfoReplicator onDemand update allowed rate per min is 4
2019-10-18 15:44:33 INFO  [DASH-Server-System,,,] main com.netflix.discovery.DiscoveryClient Discovery Client initialized at timestamp 1571384673439 with initial instances count: 4
2019-10-18 15:44:33 INFO  [DASH-Server-System,,,] main org.springframework.cloud.netflix.eureka.serviceregistry.EurekaServiceRegistry Registering application DASH-SERVER-SYSTEM with eureka with status UP
2019-10-18 15:44:33 INFO  [DASH-Server-System,,,] main com.netflix.discovery.DiscoveryClient Saw local status change event StatusChangeEvent [timestamp=1571384673459, current=UP, previous=STARTING]
2019-10-18 15:44:33 INFO  [DASH-Server-System,,,] main springfox.documentation.spring.web.plugins.DocumentationPluginsBootstrapper Context refreshed
2019-10-18 15:44:33 INFO  [DASH-Server-System,,,] DiscoveryClient-InstanceInfoReplicator-0 com.netflix.discovery.DiscoveryClient DiscoveryClient_DASH-SERVER-SYSTEM/WIN-VGLLHI88AC8:DASH-Server-System:8201: registering service...
2019-10-18 15:44:33 INFO  [DASH-Server-System,,,] main springfox.documentation.spring.web.plugins.DocumentationPluginsBootstrapper Found 1 custom documentation plugin(s)
2019-10-18 15:44:33 INFO  [DASH-Server-System,,,] DiscoveryClient-InstanceInfoReplicator-0 com.netflix.discovery.DiscoveryClient DiscoveryClient_DASH-SERVER-SYSTEM/WIN-VGLLHI88AC8:DASH-Server-System:8201 - registration status: 204
2019-10-18 15:44:33 INFO  [DASH-Server-System,,,] main springfox.documentation.spring.web.scanners.ApiListingReferenceScanner Scanning for api listing references
2019-10-18 15:44:34 INFO  [DASH-Server-System,,,] main org.apache.coyote.http11.Http11NioProtocol Starting ProtocolHandler ["http-nio-8201"]
2019-10-18 15:44:34 INFO  [DASH-Server-System,,,] main org.springframework.boot.web.embedded.tomcat.TomcatWebServer Tomcat started on port(s): 8201 (http) with context path ''
2019-10-18 15:44:34 INFO  [DASH-Server-System,,,] main org.springframework.cloud.netflix.eureka.serviceregistry.EurekaAutoServiceRegistration Updating port to 8201
2019-10-18 15:44:34 INFO  [DASH-Server-System,,,] main com.sprint.dash.server.system.DashServerSystemApplication Started DashServerSystemApplication in 25.9 seconds (JVM running for 27.293)
2019-10-18 15:44:34 INFO  [DASH-Server-System,,,] registrationTask1 de.codecentric.boot.admin.client.registration.ApplicationRegistrator Application registered itself as 08f058ac9660
2019-10-18 15:44:34 INFO  [DASH-Server-System,,,] http-nio-8201-exec-1 org.apache.catalina.core.ContainerBase.[Tomcat].[localhost].[/] Initializing Spring DispatcherServlet 'dispatcherServlet'
2019-10-18 15:44:34 INFO  [DASH-Server-System,,,] http-nio-8201-exec-1 org.springframework.web.servlet.DispatcherServlet Initializing Servlet 'dispatcherServlet'
2019-10-18 15:44:34 INFO  [DASH-Server-System,,,] http-nio-8201-exec-1 org.springframework.web.servlet.DispatcherServlet Completed initialization in 28 ms
2019-10-18 15:44:34 INFO  [DASH-Server-System,650f1fede26bff60,650f1fede26bff60,false] http-nio-8201-exec-1 org.springframework.amqp.rabbit.connection.CachingConnectionFactory Attempting to connect to: [192.168.1.213:5672]
2019-10-18 15:44:34 INFO  [DASH-Server-System,650f1fede26bff60,650f1fede26bff60,false] http-nio-8201-exec-1 org.springframework.amqp.rabbit.connection.CachingConnectionFactory Created new connection: rabbitConnectionFactory#70805849:0/SimpleConnection@1fef0943 [delegate=amqp://dash@192.168.1.213:5672/, localPort= 9346]
2019-10-18 15:45:01 INFO  [DASH-Server-System,15120f98747d7dbd,ac27015002cf2622,true] http-nio-8201-exec-5 com.sprint.dash.server.system.controller.SysUserController dash-server-system的/sys/user/list服务
2019-10-18 15:45:03 INFO  [DASH-Server-System,9136049020526395,593a5022506d62be,true] http-nio-8201-exec-6 com.sprint.dash.server.system.controller.SysUserController dash-server-system的/sys/user/list服务
2019-10-18 15:46:12 INFO  [DASH-Server-System,f8c8df6592c8c77f,f8c8df6592c8c77f,true] http-nio-8201-exec-3 com.sprint.dash.server.system.controller.SysUserController dash-server-system的/sys/user/list服务
2019-10-18 15:46:14 INFO  [DASH-Server-System,3426642c4d2132e2,1c1a96b2fb659aea,true] http-nio-8201-exec-2 com.sprint.dash.server.system.controller.SysUserController dash-server-system的/sys/user/list服务
2019-10-18 15:46:16 INFO  [DASH-Server-System,90dc4575d8316c3d,90dc4575d8316c3d,true] http-nio-8201-exec-4 com.sprint.dash.server.system.controller.SysUserController dash-server-system的/sys/user/list服务
2019-10-18 15:46:16 INFO  [DASH-Server-System,8c3a4d269f3ff9ff,8c3a4d269f3ff9ff,true] http-nio-8201-exec-6 com.sprint.dash.server.system.controller.SysUserController dash-server-system的/sys/user/list服务
2019-10-18 15:47:23 INFO  [DASH-Server-System,2b9df062758b67cb,2b9df062758b67cb,true] http-nio-8201-exec-4 com.sprint.dash.server.system.controller.SysUserController dash-server-system的/sys/user/list服务
2019-10-18 15:47:24 INFO  [DASH-Server-System,1410db39a4150b8a,1410db39a4150b8a,true] http-nio-8201-exec-6 com.sprint.dash.server.system.controller.SysUserController dash-server-system的/sys/user/list服务
2019-10-18 15:48:05 INFO  [DASH-Server-System,b41889378c4f5d27,b41889378c4f5d27,true] http-nio-8201-exec-3 com.sprint.dash.server.system.controller.SysUserController dash-server-system的/sys/user/list服务
2019-10-18 15:48:05 INFO  [DASH-Server-System,96a8fbac08167102,96a8fbac08167102,true] http-nio-8201-exec-4 com.sprint.dash.server.system.controller.SysUserController dash-server-system的/sys/user/list服务
2019-10-18 15:48:06 INFO  [DASH-Server-System,6e9ee1cb1df029fc,6e9ee1cb1df029fc,true] http-nio-8201-exec-6 com.sprint.dash.server.system.controller.SysUserController dash-server-system的/sys/user/list服务
2019-10-18 15:48:06 INFO  [DASH-Server-System,a457106c0e8f13f9,a457106c0e8f13f9,true] http-nio-8201-exec-8 com.sprint.dash.server.system.controller.SysUserController dash-server-system的/sys/user/list服务
2019-10-18 15:48:06 INFO  [DASH-Server-System,8e0332af2555fc5f,8e0332af2555fc5f,true] http-nio-8201-exec-10 com.sprint.dash.server.system.controller.SysUserController dash-server-system的/sys/user/list服务
2019-10-18 15:48:41 INFO  [DASH-Server-System,e40a29fb8dbd7da0,e40a29fb8dbd7da0,true] http-nio-8201-exec-5 com.sprint.dash.server.system.controller.SysUserController dash-server-system的/sys/user/list服务
2019-10-18 15:48:41 INFO  [DASH-Server-System,79b1136e53ea1bae,79b1136e53ea1bae,true] http-nio-8201-exec-7 com.sprint.dash.server.system.controller.SysUserController dash-server-system的/sys/user/list服务
2019-10-18 15:48:42 INFO  [DASH-Server-System,88b0f244e0b08a02,88b0f244e0b08a02,true] http-nio-8201-exec-9 com.sprint.dash.server.system.controller.SysUserController dash-server-system的/sys/user/list服务
2019-10-18 15:48:42 INFO  [DASH-Server-System,0217179d75b648d6,0217179d75b648d6,true] http-nio-8201-exec-1 com.sprint.dash.server.system.controller.SysUserController dash-server-system的/sys/user/list服务
2019-10-18 15:48:43 INFO  [DASH-Server-System,03ce6e8b38e17e53,03ce6e8b38e17e53,true] http-nio-8201-exec-2 com.sprint.dash.server.system.controller.SysUserController dash-server-system的/sys/user/list服务
2019-10-18 15:48:44 INFO  [DASH-Server-System,e05c652b28b80859,e05c652b28b80859,true] http-nio-8201-exec-5 com.sprint.dash.server.system.controller.SysUserController dash-server-system的/sys/user/list服务
2019-10-18 15:48:44 INFO  [DASH-Server-System,120c16034e9ae06b,120c16034e9ae06b,true] http-nio-8201-exec-7 com.sprint.dash.server.system.controller.SysUserController dash-server-system的/sys/user/list服务
2019-10-18 15:49:33 INFO  [DASH-Server-System,,,] AsyncResolver-bootstrap-executor-0 com.netflix.discovery.shared.resolver.aws.ConfigClusterResolver Resolving eureka endpoints via configuration
2019-10-18 15:51:08 INFO  [DASH-Server-System,da4039d8ff863ef9,10f2b8e54b883555,true] http-nio-8201-exec-9 com.sprint.dash.server.system.controller.SysUserController dash-server-system的/sys/user/list服务
2019-10-18 15:51:09 INFO  [DASH-Server-System,6160c1accd1fb7e7,6b5294b9117459ef,true] http-nio-8201-exec-10 com.sprint.dash.server.system.controller.SysUserController dash-server-system的/sys/user/list服务
2019-10-18 15:54:33 INFO  [DASH-Server-System,,,] AsyncResolver-bootstrap-executor-0 com.netflix.discovery.shared.resolver.aws.ConfigClusterResolver Resolving eureka endpoints via configuration
2019-10-18 15:59:33 INFO  [DASH-Server-System,,,] AsyncResolver-bootstrap-executor-0 com.netflix.discovery.shared.resolver.aws.ConfigClusterResolver Resolving eureka endpoints via configuration
2019-10-18 16:03:14 INFO  [DASH-Server-System,fa50bda9ca49fa53,11981d9da584bfbe,true] http-nio-8201-exec-6 com.sprint.dash.server.system.controller.SysUserController dash-server-system的/sys/user/list服务
2019-10-18 16:03:16 INFO  [DASH-Server-System,f70ecd9ff9ecc939,f70ecd9ff9ecc939,true] http-nio-8201-exec-7 com.sprint.dash.server.system.controller.SysUserController dash-server-system的/sys/user/list服务
2019-10-18 16:04:33 INFO  [DASH-Server-System,,,] AsyncResolver-bootstrap-executor-0 com.netflix.discovery.shared.resolver.aws.ConfigClusterResolver Resolving eureka endpoints via configuration
2019-10-18 16:09:33 INFO  [DASH-Server-System,,,] AsyncResolver-bootstrap-executor-0 com.netflix.discovery.shared.resolver.aws.ConfigClusterResolver Resolving eureka endpoints via configuration
2019-10-18 16:14:33 INFO  [DASH-Server-System,,,] AsyncResolver-bootstrap-executor-0 com.netflix.discovery.shared.resolver.aws.ConfigClusterResolver Resolving eureka endpoints via configuration
2019-10-18 16:19:33 INFO  [DASH-Server-System,,,] AsyncResolver-bootstrap-executor-0 com.netflix.discovery.shared.resolver.aws.ConfigClusterResolver Resolving eureka endpoints via configuration
2019-10-18 16:24:33 INFO  [DASH-Server-System,,,] AsyncResolver-bootstrap-executor-0 com.netflix.discovery.shared.resolver.aws.ConfigClusterResolver Resolving eureka endpoints via configuration
2019-10-18 16:29:33 INFO  [DASH-Server-System,,,] AsyncResolver-bootstrap-executor-0 com.netflix.discovery.shared.resolver.aws.ConfigClusterResolver Resolving eureka endpoints via configuration
2019-10-18 16:34:33 INFO  [DASH-Server-System,,,] AsyncResolver-bootstrap-executor-0 com.netflix.discovery.shared.resolver.aws.ConfigClusterResolver Resolving eureka endpoints via configuration
2019-10-18 16:39:33 INFO  [DASH-Server-System,,,] AsyncResolver-bootstrap-executor-0 com.netflix.discovery.shared.resolver.aws.ConfigClusterResolver Resolving eureka endpoints via configuration
2019-10-18 16:44:33 INFO  [DASH-Server-System,,,] AsyncResolver-bootstrap-executor-0 com.netflix.discovery.shared.resolver.aws.ConfigClusterResolver Resolving eureka endpoints via configuration
2019-10-18 16:49:33 INFO  [DASH-Server-System,,,] AsyncResolver-bootstrap-executor-0 com.netflix.discovery.shared.resolver.aws.ConfigClusterResolver Resolving eureka endpoints via configuration
2019-10-18 16:54:33 INFO  [DASH-Server-System,,,] AsyncResolver-bootstrap-executor-0 com.netflix.discovery.shared.resolver.aws.ConfigClusterResolver Resolving eureka endpoints via configuration
2019-10-18 16:55:09 INFO  [DASH-Server-System,b60d7b0f856e1bd0,b60d7b0f856e1bd0,true] http-nio-8201-exec-4 com.sprint.dash.server.system.controller.SysUserController dash-server-system的/sys/user/list服务
